Ignoring eventmachine-1.0.8 because its extensions are not built. Try: gem pristine eventmachine --version 1.0.8
Ignoring ffi-1.9.25 because its extensions are not built. Try: gem pristine ffi --version 1.9.25
Ignoring redcarpet-3.4.0 because its extensions are not built. Try: gem pristine redcarpet --version 3.4.0
Ignoring sqlite3-1.3.13 because its extensions are not built. Try: gem pristine sqlite3 --version 1.3.13
Ignoring thin-1.6.4 because its extensions are not built. Try: gem pristine thin --version 1.6.4
Dependencies
"/Users/dima/Work/grpc-swift/.build/checkouts/swift-nio-zlib-support.git--786640213642241752"
"/Users/dima/Work/grpc-swift/.build/checkouts/swift-nio-zlib-support.git-2367216852066305267"
"swift-nio-zlib-support.git-2367216852066305267"
"rename /Users/dima/Work/grpc-swift/.build/checkouts/swift-nio-zlib-support.git--786640213642241752 to /Users/dima/Work/grpc-swift/.build/checkouts/swift-nio-zlib-support.git-2367216852066305267"
"/Users/dima/Work/grpc-swift/.build/checkouts/swift-nio-zlib-support.git-2367216852066305267"
"/Users/dima/Work/grpc-swift/.build/checkouts/swift-nio-zlib-support.git-2367216852066305267"
"swift-nio-zlib-support.git-2367216852066305267"
"/Users/dima/Work/grpc-swift/.build/checkouts/swift-nio-zlib-support.git-2367216852066305267"
"/Users/dima/Work/grpc-swift/.build/checkouts/swift-nio-zlib-support.git-2367216852066305267"
"swift-nio-zlib-support.git-2367216852066305267"
"/Users/dima/Work/grpc-swift/.build/checkouts/swift-nio-zlib-support.git-2367216852066305267"
"/Users/dima/Work/grpc-swift/.build/checkouts/swift-nio-zlib-support.git-2367216852066305267"
"swift-nio-zlib-support.git-2367216852066305267"
"/Users/dima/Work/grpc-swift/.build/checkouts/swift-nio-zlib-support.git-2367216852066305267"
"/Users/dima/Work/grpc-swift/.build/checkouts/swift-nio-zlib-support.git-2367216852066305267"
"swift-nio-zlib-support.git-2367216852066305267"
"/Users/dima/Work/grpc-swift/.build/checkouts/swift-nio-zlib-support.git-2367216852066305267"
"/Users/dima/Work/grpc-swift/.build/checkouts/swift-nio-zlib-support.git-2367216852066305267"
"swift-nio-zlib-support.git-2367216852066305267"
"/Users/dima/Work/grpc-swift/.build/checkouts/swift-nio-zlib-support.git-2367216852066305267"
"/Users/dima/Work/grpc-swift/.build/checkouts/swift-nio-zlib-support.git-2367216852066305267"
"swift-nio-zlib-support.git-2367216852066305267"
"/Users/dima/Work/grpc-swift/.build/checkouts/swift-nio-zlib-support.git-2367216852066305267"
"/Users/dima/Work/grpc-swift/.build/checkouts/swift-nio-zlib-support.git-2367216852066305267"
"swift-nio-zlib-support.git-2367216852066305267"
"/Users/dima/Work/grpc-swift/.build/checkouts/swift-nio-zlib-support.git-2367216852066305267"
"/Users/dima/Work/grpc-swift/.build/checkouts/swift-nio-zlib-support.git-2367216852066305267"
"swift-nio-zlib-support.git-2367216852066305267"
"/Users/dima/Work/grpc-swift/.build/checkouts/swift-nio-zlib-support.git-2367216852066305267"
"/Users/dima/Work/grpc-swift/.build/checkouts/swift-nio-zlib-support.git-2367216852066305267"
"swift-nio-zlib-support.git-2367216852066305267"
"/Users/dima/Work/grpc-swift/.build/checkouts/swift-nio-zlib-support.git-2367216852066305267"
"/Users/dima/Work/grpc-swift/.build/checkouts/swift-nio-zlib-support.git-2367216852066305267"
"swift-nio-zlib-support.git-2367216852066305267"
"/Users/dima/Work/grpc-swift/.build/checkouts/swift-nio-zlib-support.git-2367216852066305267"
"/Users/dima/Work/grpc-swift/.build/checkouts/swift-nio-zlib-support.git-2367216852066305267"
"swift-nio-zlib-support.git-2367216852066305267"
"/Users/dima/Work/grpc-swift/.build/checkouts/swift-nio-zlib-support.git-2367216852066305267"
"/Users/dima/Work/grpc-swift/.build/checkouts/swift-nio-zlib-support.git-2367216852066305267"
"swift-nio-zlib-support.git-2367216852066305267"
"/Users/dima/Work/grpc-swift/.build/checkouts/swift-nio-zlib-support.git-2367216852066305267"
"/Users/dima/Work/grpc-swift/.build/checkouts/swift-nio-zlib-support.git-2367216852066305267"
"swift-nio-zlib-support.git-2367216852066305267"
"/Users/dima/Work/grpc-swift/.build/checkouts/swift-nio-zlib-support.git-2367216852066305267"
"/Users/dima/Work/grpc-swift/.build/checkouts/swift-nio-zlib-support.git-2367216852066305267"
"swift-nio-zlib-support.git-2367216852066305267"
"/Users/dima/Work/grpc-swift/.build/checkouts/swift-nio-zlib-support.git-2367216852066305267"
"/Users/dima/Work/grpc-swift/.build/checkouts/swift-nio-zlib-support.git-2367216852066305267"
"swift-nio-zlib-support.git-2367216852066305267"
"/Users/dima/Work/grpc-swift/.build/checkouts/swift-nio-zlib-support.git-2367216852066305267"
"/Users/dima/Work/grpc-swift/.build/checkouts/swift-nio-zlib-support.git-2367216852066305267"
"swift-nio-zlib-support.git-2367216852066305267"
"/Users/dima/Work/grpc-swift/.build/checkouts/swift-nio-zlib-support.git-2367216852066305267"
"/Users/dima/Work/grpc-swift/.build/checkouts/swift-nio-zlib-support.git-2367216852066305267"
"swift-nio-zlib-support.git-2367216852066305267"
"/Users/dima/Work/grpc-swift/.build/checkouts/swift-nio-zlib-support.git-2367216852066305267"
"/Users/dima/Work/grpc-swift/.build/checkouts/swift-nio-zlib-support.git-2367216852066305267"
"swift-nio-zlib-support.git-2367216852066305267"
"/Users/dima/Work/grpc-swift/.build/checkouts/swift-nio-zlib-support.git-2367216852066305267"
"/Users/dima/Work/grpc-swift/.build/checkouts/swift-nio-zlib-support.git-2367216852066305267"
"swift-nio-zlib-support.git-2367216852066305267"
"/Users/dima/Work/grpc-swift/.build/checkouts/swift-nio-zlib-support.git-2367216852066305267"
"/Users/dima/Work/grpc-swift/.build/checkouts/swift-nio-zlib-support.git-2367216852066305267"
"swift-nio-zlib-support.git-2367216852066305267"
"/Users/dima/Work/grpc-swift/.build/checkouts/Commander.git--902423887698715928"
"/Users/dima/Work/grpc-swift/.build/checkouts/Commander.git-907695254211703042"
"Commander.git-907695254211703042"
"rename /Users/dima/Work/grpc-swift/.build/checkouts/Commander.git--902423887698715928 to /Users/dima/Work/grpc-swift/.build/checkouts/Commander.git-907695254211703042"
"/Users/dima/Work/grpc-swift/.build/checkouts/swift-protobuf.git-8491619062866931922"
"/Users/dima/Work/grpc-swift/.build/checkouts/swift-protobuf.git-8306754641556936472"
"swift-protobuf.git-8306754641556936472"
"rename /Users/dima/Work/grpc-swift/.build/checkouts/swift-protobuf.git-8491619062866931922 to /Users/dima/Work/grpc-swift/.build/checkouts/swift-protobuf.git-8306754641556936472"
